<?xml version="1.0" encoding="UTF-8"?>
<testsuite xmlns:xsi="http://www.w3.org/2001/XMLSchema-instance" xsi:noNamespaceSchemaLocation="https://maven.apache.org/surefire/maven-surefire-plugin/xsd/surefire-test-report.xsd" name="wemik2323.MainTest" time="0.037" tests="4" errors="0" skipped="0" failures="0">
  <properties>
[...]
</properties>
  <testcase name="testChangeModeWithValidChoice" classname="wemik2323.MainTest" time="0.004"/>
  <testcase name="testChangeModeWithInvalidChoice" classname="wemik2323.MainTest" time="0"/>
  <testcase name="changeMode_withInvalidChoice_shouldReturnMinusOne" classname="wemik2323.MainTest" time="0.001"/>
  <testcase name="changeMode_withValidChoice_shouldReturnZero" classname="wemik2323.MainTest" time="0"/>
</testsuite>